<?xml version="1.0" encoding="UTF-8"?>
<!-- Generated by org.testng.reporters.JUnitReportReporter -->
<testsuite hostname="Shumi-Shehzaad" failures="0" tests="1" name="buyBookOnline.Run_OrderBookOnline" time="64.589" errors="0" timestamp="2021-12-15T10:42:18 EST" skipped="0">
  <testcase classname="buyBookOnline.Run_OrderBookOnline" name="visit_Site" time="64.589"/>
  <system-out/>
</testsuite> <!-- buyBookOnline.Run_OrderBookOnline -->
