<?xml version="1.0" encoding="UTF-8"?>
<!-- Generated by org.testng.reporters.JUnitReportReporter -->
<testsuite hostname="Shumi-Shehzaad" failures="0" tests="1" name="reusableClass.WafiLife" time="27.806" errors="0" timestamp="2021-11-27T15:14:04 EST" skipped="0">
  <testcase classname="reusableClass.WafiLife" name="dropDown" time="27.806"/>
  <system-out/>
</testsuite> <!-- reusableClass.WafiLife -->
