<?xml version="1.0" encoding="UTF-8"?>
<!-- Generated by org.testng.reporters.JUnitReportReporter -->
<testsuite hostname="Shumi-Shehzaad" failures="0" tests="1" name="buyBookOnline.OrderBook_Online" time="14.732" errors="0" timestamp="2021-11-23T11:28:18 EST" skipped="0">
  <testcase classname="buyBookOnline.OrderBook_Online" name="visit_Site" time="14.732"/>
  <system-out/>
</testsuite> <!-- buyBookOnline.OrderBook_Online -->
