<?xml version="1.0" encoding="UTF-8"?>
<!-- Generated by org.testng.reporters.JUnitReportReporter -->
<testsuite hostname="Shumi-Shehzaad" failures="0" tests="1" name="reusableClass.dropDownpb" time="22.532" errors="0" timestamp="2021-11-27T16:00:09 EST" skipped="0">
  <testcase classname="reusableClass.dropDownpb" name="dropDown" time="22.532"/>
  <system-out/>
</testsuite> <!-- reusableClass.dropDownpb -->
