<?xml version="1.0" encoding="UTF-8"?>
<!-- Generated by org.testng.reporters.JUnitReportReporter -->
<testsuite hostname="Shumi-Shehzaad" failures="0" tests="1" name="BuyOnlineBook.selectAndOrder_Book" time="15.173" errors="0" timestamp="2021-11-21T18:31:22 EST" skipped="0">
  <testcase classname="BuyOnlineBook.selectAndOrder_Book" name="evaly" time="15.173"/>
  <system-out/>
</testsuite> <!-- BuyOnlineBook.selectAndOrder_Book -->
